[[1;34mINFO[m] Scanning for projects...
[[1;34mINFO[m] 
[[1;34mINFO[m] [1m---------------------< [0;36mcom.trackerapp:tracker-pro[0;1m >---------------------[m
[[1;34mINFO[m] [1mBuilding Tracker Pro 1.0.0[m
[[1;34mINFO[m] [1m--------------------------------[ jar ]---------------------------------[m
[[1;34mINFO[m] 
[[1;34mINFO[m] [1m>>> [0;32mspring-boot-maven-plugin:3.2.0:run[m [1m(default-cli)[0;1m > [0;1mtest-compile[m @ [36mtracker-pro[0;1m >>>[m
[[1;34mINFO[m] 
[[1;34mINFO[m] [1m--- [0;32mmaven-resources-plugin:3.3.1:resources[m [1m(default-resources)[m @ [36mtracker-pro[0;1m ---[m
[[1;34mINFO[m] Copying 1 resource from src/main/resources to target/classes
[[1;34mINFO[m] Copying 19 resources from src/main/resources to target/classes
[[1;34mINFO[m] 
[[1;34mINFO[m] [1m--- [0;32mmaven-compiler-plugin:3.11.0:compile[m [1m(default-compile)[m @ [36mtracker-pro[0;1m ---[m
[[1;34mINFO[m] Nothing to compile - all classes are up to date
[[1;34mINFO[m] 
[[1;34mINFO[m] [1m--- [0;32mmaven-resources-plugin:3.3.1:testResources[m [1m(default-testResources)[m @ [36mtracker-pro[0;1m ---[m
[[1;34mINFO[m] skip non existing resourceDirectory /app/src/test/resources
[[1;34mINFO[m] 
[[1;34mINFO[m] [1m--- [0;32mmaven-compiler-plugin:3.11.0:testCompile[m [1m(default-testCompile)[m @ [36mtracker-pro[0;1m ---[m
[[1;34mINFO[m] No sources to compile
[[1;34mINFO[m] 
[[1;34mINFO[m] [1m<<< [0;32mspring-boot-maven-plugin:3.2.0:run[m [1m(default-cli)[0;1m < [0;1mtest-compile[m @ [36mtracker-pro[0;1m <<<[m
[[1;34mINFO[m] 
[[1;34mINFO[m] 
[[1;34mINFO[m] [1m--- [0;32mspring-boot-maven-plugin:3.2.0:run[m [1m(default-cli)[m @ [36mtracker-pro[0;1m ---[m
[[1;34mINFO[m] Attaching agents: []

  .   ____          _            __ _ _
 /\\ / ___'_ __ _ _(_)_ __  __ _ \ \ \ \
( ( )\___ | '_ | '_| | '_ \/ _` | \ \ \ \
 \\/  ___)| |_)| | | | | || (_| |  ) ) ) )
  '  |____| .__|_| |_|_| |_\__, | / / / /
 =========|_|==============|___/=/_/_/_/
 :: Spring Boot ::                (v3.2.0)

2025-09-01T06:52:39.954Z  INFO 4910 --- [           main] com.trackerapp.TrackerProApplication     : Starting TrackerProApplication using Java 17.0.16 with PID 4910 (/app/target/classes started by root in /app)
2025-09-01T06:52:39.957Z  INFO 4910 --- [           main] com.trackerapp.TrackerProApplication     : No active profile set, falling back to 1 default profile: "default"
2025-09-01T06:52:40.848Z  INFO 4910 --- [           main] .s.d.r.c.RepositoryConfigurationDelegate : Bootstrapping Spring Data JPA repositories in DEFAULT mode.
2025-09-01T06:52:40.922Z  INFO 4910 --- [           main] .s.d.r.c.RepositoryConfigurationDelegate : Finished Spring Data repository scanning in 62 ms. Found 1 JPA repository interface.
2025-09-01T06:52:41.593Z  INFO 4910 --- [           main] o.s.b.w.embedded.tomcat.TomcatWebServer  : Tomcat initialized with port 8080 (http)
2025-09-01T06:52:41.602Z  INFO 4910 --- [           main] o.apache.catalina.core.StandardService   : Starting service [Tomcat]
2025-09-01T06:52:41.602Z  INFO 4910 --- [           main] o.apache.catalina.core.StandardEngine    : Starting Servlet engine: [Apache Tomcat/10.1.16]
2025-09-01T06:52:41.764Z  INFO 4910 --- [           main] o.a.c.c.C.[Tomcat].[localhost].[/]       : Initializing Spring embedded WebApplicationContext
2025-09-01T06:52:41.765Z  INFO 4910 --- [           main] w.s.c.ServletWebServerApplicationContext : Root WebApplicationContext: initialization completed in 1744 ms
2025-09-01T06:52:41.809Z  INFO 4910 --- [           main] com.zaxxer.hikari.HikariDataSource       : HikariPool-1 - Starting...
2025-09-01T06:52:41.984Z  INFO 4910 --- [           main] com.zaxxer.hikari.pool.HikariPool        : HikariPool-1 - Added connection conn0: url=jdbc:h2:mem:trackerdb user=SA
2025-09-01T06:52:41.991Z  INFO 4910 --- [           main] com.zaxxer.hikari.HikariDataSource       : HikariPool-1 - Start completed.
2025-09-01T06:52:42.002Z  INFO 4910 --- [           main] o.s.b.a.h2.H2ConsoleAutoConfiguration    : H2 console available at '/h2-console'. Database available at 'jdbc:h2:mem:trackerdb'
2025-09-01T06:52:42.323Z  INFO 4910 --- [           main] o.hibernate.jpa.internal.util.LogHelper  : HHH000204: Processing PersistenceUnitInfo [name: default]
2025-09-01T06:52:42.365Z  INFO 4910 --- [           main] org.hibernate.Version                    : HHH000412: Hibernate ORM core version 6.3.1.Final
2025-09-01T06:52:42.397Z  INFO 4910 --- [           main] o.h.c.internal.RegionFactoryInitiator    : HHH000026: Second-level cache disabled
2025-09-01T06:52:42.637Z  INFO 4910 --- [           main] o.s.o.j.p.SpringPersistenceUnitInfo      : No LoadTimeWeaver setup: ignoring JPA class transformer
2025-09-01T06:52:42.673Z  WARN 4910 --- [           main] org.hibernate.orm.deprecation            : HHH90000025: H2Dialect does not need to be specified explicitly using 'hibernate.dialect' (remove the property setting and it will be selected by default)
2025-09-01T06:52:43.536Z  INFO 4910 --- [           main] o.h.e.t.j.p.i.JtaPlatformInitiator       : HHH000489: No JTA platform available (set 'hibernate.transaction.jta.platform' to enable JTA platform integration)
Hibernate: 
    drop table if exists users cascade 
Hibernate: 
    create table users (
        enabled boolean,
        id bigint generated by default as identity,
        department varchar(255) not null,
        email varchar(255) not null unique,
        emp_id varchar(255) not null unique,
        full_name varchar(255) not null,
        mobile_no varchar(255) not null,
        password varchar(255) not null,
        role varchar(255) not null check (role in ('ADMIN','USER')),
        primary key (id)
    )
2025-09-01T06:52:43.576Z  INFO 4910 --- [           main] j.LocalContainerEntityManagerFactoryBean : Initialized JPA EntityManagerFactory for persistence unit 'default'
2025-09-01T06:52:43.993Z  WARN 4910 --- [           main] JpaBaseConfiguration$JpaWebConfiguration : spring.jpa.open-in-view is enabled by default. Therefore, database queries may be performed during view rendering. Explicitly configure spring.jpa.open-in-view to disable this warning
2025-09-01T06:52:44.010Z  WARN 4910 --- [           main] .s.s.UserDetailsServiceAutoConfiguration : 

Using generated security password: df6c772c-1281-420c-9570-17e4b754a43a

This generated password is for development use only. Your security configuration must be updated before running your application in production.

2025-09-01T06:52:44.109Z  INFO 4910 --- [           main] o.s.b.a.w.s.WelcomePageHandlerMapping    : Adding welcome page template: index
2025-09-01T06:52:44.305Z  INFO 4910 --- [           main] o.s.s.web.DefaultSecurityFilterChain     : Will secure any request with [org.springframework.security.web.session.DisableEncodeUrlFilter@61e4a072, org.springframework.security.web.context.request.async.WebAsyncManagerIntegrationFilter@32f2de5c, org.springframework.security.web.context.SecurityContextHolderFilter@c0a8787, org.springframework.security.web.header.HeaderWriterFilter@48543f11, org.springframework.web.filter.CorsFilter@1a6df932, org.springframework.security.web.authentication.logout.LogoutFilter@443b9ebb, com.trackerapp.config.SessionAuthenticationFilter@251c4280, org.springframework.security.web.savedrequest.RequestCacheAwareFilter@823f978, org.springframework.security.web.servletapi.SecurityContextHolderAwareRequestFilter@6195ce27, org.springframework.security.web.authentication.AnonymousAuthenticationFilter@74120029, org.springframework.security.web.access.ExceptionTranslationFilter@52f71d2, org.springframework.security.web.access.intercept.AuthorizationFilter@1d86b636]
2025-09-01T06:52:44.652Z  INFO 4910 --- [           main] o.s.b.w.embedded.tomcat.TomcatWebServer  : Tomcat started on port 8080 (http) with context path ''
2025-09-01T06:52:44.661Z  INFO 4910 --- [           main] com.trackerapp.TrackerProApplication     : Started TrackerProApplication in 5.159 seconds (process running for 5.659)
Hibernate: 
    select
        u1_0.id 
    from
        users u1_0 
    where
        u1_0.email=? 
    fetch
        first ? rows only
Hibernate: 
    insert 
    into
        users
        (department, email, emp_id, enabled, full_name, mobile_no, password, role, id) 
    values
        (?, ?, ?, ?, ?, ?, ?, ?, default)
2025-09-01T06:53:01.220Z  INFO 4910 --- [nio-8080-exec-1] o.a.c.c.C.[Tomcat].[localhost].[/]       : Initializing Spring DispatcherServlet 'dispatcherServlet'
2025-09-01T06:53:01.221Z  INFO 4910 --- [nio-8080-exec-1] o.s.web.servlet.DispatcherServlet        : Initializing Servlet 'dispatcherServlet'
2025-09-01T06:53:01.222Z  INFO 4910 --- [nio-8080-exec-1] o.s.web.servlet.DispatcherServlet        : Completed initialization in 1 ms
2025-09-01T06:53:01.232Z  WARN 4910 --- [nio-8080-exec-1] o.s.w.s.h.HandlerMappingIntrospector     : Cache miss for REQUEST dispatch to '/api/auth/login' (previous null). Performing CorsConfiguration lookup. This is logged once only at WARN level, and every time at TRACE.
2025-09-01T06:53:01.245Z  WARN 4910 --- [nio-8080-exec-1] o.s.w.s.h.HandlerMappingIntrospector     : Cache miss for REQUEST dispatch to '/api/auth/login' (previous null). Performing MatchableHandlerMapping lookup. This is logged once only at WARN level, and every time at TRACE.
Hibernate: 
    select
        u1_0.id,
        u1_0.department,
        u1_0.email,
        u1_0.emp_id,
        u1_0.enabled,
        u1_0.full_name,
        u1_0.mobile_no,
        u1_0.password,
        u1_0.role 
    from
        users u1_0 
    where
        u1_0.email=?
Hibernate: 
    select
        u1_0.id 
    from
        users u1_0 
    where
        u1_0.email=? 
    fetch
        first ? rows only
Hibernate: 
    select
        u1_0.id 
    from
        users u1_0 
    where
        u1_0.emp_id=? 
    fetch
        first ? rows only
Hibernate: 
    insert 
    into
        users
        (department, email, emp_id, enabled, full_name, mobile_no, password, role, id) 
    values
        (?, ?, ?, ?, ?, ?, ?, ?, default)
Hibernate: 
    select
        u1_0.id,
        u1_0.department,
        u1_0.email,
        u1_0.emp_id,
        u1_0.enabled,
        u1_0.full_name,
        u1_0.mobile_no,
        u1_0.password,
        u1_0.role 
    from
        users u1_0 
    where
        u1_0.email=?
Hibernate: 
    select
        u1_0.id 
    from
        users u1_0 
    where
        u1_0.email=? 
    fetch
        first ? rows only
Hibernate: 
    select
        u1_0.id 
    from
        users u1_0 
    where
        u1_0.email=? 
    fetch
        first ? rows only
Hibernate: 
    select
        u1_0.id 
    from
        users u1_0 
    where
        u1_0.emp_id=? 
    fetch
        first ? rows only
Hibernate: 
    select
        u1_0.id 
    from
        users u1_0 
    where
        u1_0.emp_id=? 
    fetch
        first ? rows only
Hibernate: 
    select
        u1_0.id,
        u1_0.department,
        u1_0.email,
        u1_0.emp_id,
        u1_0.enabled,
        u1_0.full_name,
        u1_0.mobile_no,
        u1_0.password,
        u1_0.role 
    from
        users u1_0 
    where
        u1_0.email=?
Hibernate: 
    select
        u1_0.id 
    from
        users u1_0 
    where
        u1_0.email=? 
    fetch
        first ? rows only
Hibernate: 
    select
        u1_0.id 
    from
        users u1_0 
    where
        u1_0.emp_id=? 
    fetch
        first ? rows only
Hibernate: 
    insert 
    into
        users
        (department, email, emp_id, enabled, full_name, mobile_no, password, role, id) 
    values
        (?, ?, ?, ?, ?, ?, ?, ?, default)
Hibernate: 
    select
        u1_0.id,
        u1_0.department,
        u1_0.email,
        u1_0.emp_id,
        u1_0.enabled,
        u1_0.full_name,
        u1_0.mobile_no,
        u1_0.password,
        u1_0.role 
    from
        users u1_0 
    where
        u1_0.email=?
Hibernate: 
    select
        u1_0.id 
    from
        users u1_0 
    where
        u1_0.email=? 
    fetch
        first ? rows only
Hibernate: 
    select
        u1_0.id 
    from
        users u1_0 
    where
        u1_0.emp_id=? 
    fetch
        first ? rows only
